<?xml version="1.0" encoding="UTF-8"?>
<!-- Generated by org.testng.reporters.JUnitXMLReporter -->
<testsuite hostname="DESKTOP-2C4J7I5" name="Automation" tests="3" failures="0" timestamp="9 Nov 2020 08:32:59 GMT" time="57.567" errors="0">
  <testcase name="SignInInvalid" time="3.865" classname="com.project.testcases.Signin_Invalid"/>
  <testcase name="SignInInvalid" time="4.073" classname="com.project.testcases.Signin_Invalid"/>
  <testcase name="SignInInvalid" time="4.025" classname="com.project.testcases.Signin_Invalid"/>
</testsuite> <!-- Automation -->
