<?xml version="1.0" encoding="UTF-8"?>
<!-- Generated by org.testng.reporters.JUnitXMLReporter -->
<testsuite hostname="DESKTOP-2C4J7I5" name="Automation" tests="3" failures="0" timestamp="8 Nov 2020 18:40:56 GMT" time="121.41" errors="0">
  <testcase name="RegisterAccount" time="25.568" classname="com.project.testcases.Account_1"/>
  <testcase name="RegisterAccount" time="20.21" classname="com.project.testcases.Account_2"/>
  <testcase name="SignIn" time="15.777" classname="com.project.testcases.Signin_Valid"/>
</testsuite> <!-- Automation -->
