<?xml version="1.0" encoding="UTF-8"?>
<testsuite name="TestSuite" time="292.757" tests="16" errors="0" skipped="0" failures="4">
  <properties>
[...]
</properties>
  <testcase name="RegisterAccount" classname="com.project.testcases.Account_1" time="32.271"/>
  <testcase name="RegisterAccount" classname="com.project.testcases.Account_2" time="30.338"/>
  <testcase name="RegisterAccount" classname="com.project.testcases.Account_2" time="38.789">
    <failure message="expected [true] but found [false]" type="java.lang.AssertionError">java.lang.AssertionError: expected [true] but found [false]
	at org.testng.Assert.fail(Assert.java:94)
	at org.testng.Assert.failNotEquals(Assert.java:496)
	at org.testng.Assert.assertTrue(Assert.java:42)
	at org.testng.Assert.assertTrue(Assert.java:52)
	at com.project.testcases.Account_2.RegisterAccount(Account_2.java:42)
</failure>
    <system-out><![CDATA[E:\Selenium_Project_Workspace\ApparelStore_Maven
]]></system-out>
    <system-err><![CDATA[Starting ChromeDriver 86.0.4240.22 (398b0743353ff36fb1b82468f63a3a93b4e2e89e-refs/branch-heads/4240@{#378}) on port 1670
Only local connections are allowed.
Please see https://chromedriver.chromium.org/security-considerations for suggestions on keeping ChromeDriver safe.
ChromeDriver was started successfully.
Nov 09, 2020 8:45:03 PM org.openqa.selenium.remote.ProtocolHandshake createSession
INFO: Detected dialect: W3C
Starting ChromeDriver 86.0.4240.22 (398b0743353ff36fb1b82468f63a3a93b4e2e89e-refs/branch-heads/4240@{#378}) on port 33549
Only local connections are allowed.
Please see https://chromedriver.chromium.org/security-considerations for suggestions on keeping ChromeDriver safe.
ChromeDriver was started successfully.
Nov 09, 2020 8:45:24 PM org.openqa.selenium.remote.ProtocolHandshake createSession
INFO: Detected dialect: W3C
]]></system-err>
  </testcase>
  <testcase name="SignIn" classname="com.project.testcases.Signin_Valid" time="6.57"/>
  <testcase name="SignInInvalid" classname="com.project.testcases.Signin_Invalid" time="5.523"/>
  <testcase name="SignInInvalid" classname="com.project.testcases.Signin_Invalid" time="17.044"/>
  <testcase name="SignInInvalid" classname="com.project.testcases.Signin_Invalid" time="5.824"/>
  <testcase name="Logoff" classname="com.project.testcases.LogOff" time="8.921"/>
  <testcase name="SearctTestCase" classname="com.project.testcases.Search" time="4.675"/>
  <testcase name="SearctTestCase" classname="com.project.testcases.Manufacturers" time="4.574">
    <failure message="expected [true] but found [false]" type="java.lang.AssertionError">java.lang.AssertionError: expected [true] but found [false]
	at org.testng.Assert.fail(Assert.java:94)
	at org.testng.Assert.failNotEquals(Assert.java:496)
	at org.testng.Assert.assertTrue(Assert.java:42)
	at org.testng.Assert.assertTrue(Assert.java:52)
	at com.project.testcases.Manufacturers.SearctTestCase(Manufacturers.java:21)
</failure>
    <system-out><![CDATA[|Manufacturers|
]]></system-out>
    <system-err><![CDATA[Starting ChromeDriver 86.0.4240.22 (398b0743353ff36fb1b82468f63a3a93b4e2e89e-refs/branch-heads/4240@{#378}) on port 45665
Only local connections are allowed.
Please see https://chromedriver.chromium.org/security-considerations for suggestions on keeping ChromeDriver safe.
ChromeDriver was started successfully.
Nov 09, 2020 8:50:22 PM org.openqa.selenium.remote.ProtocolHandshake createSession
INFO: Detected dialect: W3C
]]></system-err>
  </testcase>
  <testcase name="WriteAReview" classname="com.project.testcases.Review" time="14.808">
    <failure message="expected [true] but found [false]" type="java.lang.AssertionError">java.lang.AssertionError: expected [true] but found [false]
	at org.testng.Assert.fail(Assert.java:94)
	at org.testng.Assert.failNotEquals(Assert.java:496)
	at org.testng.Assert.assertTrue(Assert.java:42)
	at org.testng.Assert.assertTrue(Assert.java:52)
	at com.project.testcases.Review.WriteAReview(Review.java:34)
</failure>
    <system-out><![CDATA[|Review|
]]></system-out>
    <system-err><![CDATA[Starting ChromeDriver 86.0.4240.22 (398b0743353ff36fb1b82468f63a3a93b4e2e89e-refs/branch-heads/4240@{#378}) on port 25063
Only local connections are allowed.
Please see https://chromedriver.chromium.org/security-considerations for suggestions on keeping ChromeDriver safe.
ChromeDriver was started successfully.
Nov 09, 2020 8:50:47 PM org.openqa.selenium.remote.ProtocolHandshake createSession
INFO: Detected dialect: W3C
]]></system-err>
  </testcase>
  <testcase name="ShareProductPinIt" classname="com.project.testcases.ShareProduct_Pinterest" time="11.73"/>
  <testcase name="ShareProductGooglePlus" classname="com.project.testcases.ShareProduct_GooglePlus" time="7.657"/>
  <testcase name="ShareProductFacebook" classname="com.project.testcases.ShareProduct_Facebook" time="4.783"/>
  <testcase name="PlacingOrderPayByCheck" classname="com.project.testcases.PlacingOrder" time="48.801">
    <failure message="expected [true] but found [false]" type="java.lang.AssertionError">java.lang.AssertionError: expected [true] but found [false]
	at org.testng.Assert.fail(Assert.java:94)
	at org.testng.Assert.failNotEquals(Assert.java:496)
	at org.testng.Assert.assertTrue(Assert.java:42)
	at org.testng.Assert.assertTrue(Assert.java:52)
	at com.project.testcases.PlacingOrder.PlacingOrderPayByCheck(PlacingOrder.java:90)
</failure>
    <system-out><![CDATA[|PlacingOrder|
]]></system-out>
    <system-err><![CDATA[Starting ChromeDriver 86.0.4240.22 (398b0743353ff36fb1b82468f63a3a93b4e2e89e-refs/branch-heads/4240@{#378}) on port 25277
Only local connections are allowed.
Please see https://chromedriver.chromium.org/security-considerations for suggestions on keeping ChromeDriver safe.
ChromeDriver was started successfully.
Nov 09, 2020 8:52:33 PM org.openqa.selenium.remote.ProtocolHandshake createSession
INFO: Detected dialect: W3C
]]></system-err>
  </testcase>
  <testcase name="PlacingOrderPayByWire" classname="com.project.testcases.PlacingOrder" time="50.449"/>
</testsuite>