<?xml version="1.0" encoding="UTF-8"?>
<testng-results skipped="0" failed="0" total="1" passed="1">
  <reporter-output>
  </reporter-output>
  <suite name="Default suite" duration-ms="21933" started-at="2020-11-07T18:49:55Z" finished-at="2020-11-07T18:50:17Z">
    <groups>
    </groups>
    <test name="Default test" duration-ms="21933" started-at="2020-11-07T18:49:55Z" finished-at="2020-11-07T18:50:17Z">
      <class name="com.project.testcases.LogOff">
        <test-method status="PASS" signature="startReport()[pri:0, instance:[LogOff passed=0 failed=0 skipped=0]]" name="startReport" is-config="true" duration-ms="187" started-at="2020-11-08T00:19:55Z" finished-at="2020-11-08T00:19:55Z">
          <reporter-output>
          </reporter-output>
        </test-method> <!-- startReport -->
        <test-method status="PASS" signature="initiateDriver()[pri:0, instance:[LogOff passed=0 failed=0 skipped=0]]" name="initiateDriver" is-config="true" duration-ms="14199" started-at="2020-11-08T00:19:55Z" finished-at="2020-11-08T00:20:09Z">
          <reporter-output>
          </reporter-output>
        </test-method> <!-- initiateDriver -->
        <test-method status="PASS" signature="Logoff([Ljava.lang.String;)[pri:0, instance:[LogOff passed=0 failed=0 skipped=0]]" name="Logoff" duration-ms="7716" started-at="2020-11-08T00:20:09Z" data-provider="TestData" finished-at="2020-11-08T00:20:17Z">
          <params>
            <param index="0">
              <value>
                <![CDATA[[Ljava.lang.String;@2f67b837]]>
              </value>
            </param>
          </params>
          <reporter-output>
          </reporter-output>
        </test-method> <!-- Logoff -->
        <test-method status="PASS" signature="CloseBrowser(org.testng.ITestResult)[pri:0, instance:[LogOff passed=0 failed=0 skipped=0]]" name="CloseBrowser" is-config="true" duration-ms="1" started-at="2020-11-08T00:20:17Z" finished-at="2020-11-08T00:20:17Z">
          <params>
            <param index="0">
              <value>
                <![CDATA[[TestResult name=Logoff on [LogOff passed=0 failed=0 skipped=0] status=SUCCESS method=LogOff.Logoff([Ljava.lang.String;)[pri:0, instance:[LogOff passed=0 failed=0 skipped=0]] output={null}]]]>
              </value>
            </param>
          </params>
          <reporter-output>
          </reporter-output>
        </test-method> <!-- CloseBrowser -->
        <test-method status="PASS" signature="stopTest()[pri:0, instance:[LogOff passed=0 failed=0 skipped=0]]" name="stopTest" is-config="true" duration-ms="981" started-at="2020-11-08T00:20:17Z" finished-at="2020-11-08T00:20:18Z">
          <reporter-output>
          </reporter-output>
        </test-method> <!-- stopTest -->
      </class> <!-- com.project.testcases.LogOff -->
    </test> <!-- Default test -->
  </suite> <!-- Default suite -->
</testng-results>
